INFO 2018-07-01 19:24:35 _log Connected (version 2.0, client OpenSSH_5.3)
INFO 2018-07-01 19:24:35 _log Authentication (publickey) failed.
INFO 2018-07-01 19:24:35 _log Authentication (password) failed.
INFO 2018-07-02 20:04:47 _log Connected (version 2.0, client OpenSSH_5.3)
INFO 2018-07-02 20:04:47 _log Connected (version 2.0, client OpenSSH_5.3)
INFO 2018-07-02 20:04:48 _log Authentication (publickey) successful!
INFO 2018-07-02 20:04:48 _log Authentication (publickey) failed.
INFO 2018-07-02 20:04:48 _log Authentication (password) failed.
INFO 2018-07-02 20:04:50 _log [chan 2] Opened sftp connection (server version 3)
INFO 2018-07-02 20:04:51 _log [chan 2] sftp session closed.
INFO 2018-07-02 20:05:47 _log Connected (version 2.0, client OpenSSH_5.3)
INFO 2018-07-02 20:05:47 _log Connected (version 2.0, client OpenSSH_5.3)
INFO 2018-07-02 20:05:48 _log Authentication (publickey) failed.
INFO 2018-07-02 20:05:48 _log Authentication (password) failed.
INFO 2018-07-02 20:05:48 _log Authentication (publickey) successful!
INFO 2018-07-02 20:05:49 _log [chan 2] Opened sftp connection (server version 3)
INFO 2018-07-02 20:05:51 _log [chan 2] sftp session closed.
INFO 2018-07-02 20:07:12 _log Connected (version 2.0, client OpenSSH_5.3)
INFO 2018-07-02 20:07:12 _log Connected (version 2.0, client OpenSSH_5.3)
INFO 2018-07-02 20:07:12 _log Authentication (publickey) successful!
INFO 2018-07-02 20:07:12 _log Authentication (publickey) failed.
INFO 2018-07-02 20:07:12 _log Authentication (password) failed.
INFO 2018-07-02 20:07:14 _log [chan 2] Opened sftp connection (server version 3)
INFO 2018-07-02 20:07:15 _log [chan 2] sftp session closed.
INFO 2018-07-02 20:13:07 _log Connected (version 2.0, client OpenSSH_5.3)
INFO 2018-07-02 20:13:07 _log Connected (version 2.0, client OpenSSH_5.3)
INFO 2018-07-02 20:13:07 _log Authentication (publickey) successful!
INFO 2018-07-02 20:13:07 _log Authentication (publickey) failed.
INFO 2018-07-02 20:13:07 _log Authentication (password) failed.
INFO 2018-07-02 20:13:09 _log [chan 2] Opened sftp connection (server version 3)
INFO 2018-07-02 20:13:10 _log [chan 2] sftp session closed.
INFO 2018-07-02 20:33:22 _log Connected (version 2.0, client OpenSSH_5.3)
INFO 2018-07-02 20:33:22 _log Connected (version 2.0, client OpenSSH_5.3)
INFO 2018-07-02 20:33:22 _log Authentication (publickey) successful!
INFO 2018-07-02 20:33:22 _log Authentication (publickey) failed.
INFO 2018-07-02 20:33:22 _log Authentication (publickey) failed.
INFO 2018-07-02 20:33:22 _log Authentication (password) successful!
INFO 2018-07-02 20:33:22 _log [chan 2] Opened sftp connection (server version 3)
INFO 2018-07-02 20:33:23 _log [chan 2] sftp session closed.
INFO 2018-07-02 20:33:25 _log [chan 2] Opened sftp connection (server version 3)
INFO 2018-07-02 20:33:27 _log [chan 2] sftp session closed.
INFO 2018-07-02 20:50:51 _log Connected (version 2.0, client OpenSSH_5.3)
INFO 2018-07-02 20:50:51 _log Connected (version 2.0, client OpenSSH_5.3)
INFO 2018-07-02 20:50:51 _log Authentication (publickey) successful!
INFO 2018-07-02 20:50:51 _log Authentication (publickey) failed.
INFO 2018-07-02 20:50:51 _log Authentication (publickey) failed.
INFO 2018-07-02 20:50:51 _log Authentication (password) successful!
INFO 2018-07-02 20:50:51 _log [chan 2] Opened sftp connection (server version 3)
INFO 2018-07-02 20:50:52 _log [chan 2] sftp session closed.
INFO 2018-07-02 20:50:53 _log [chan 2] Opened sftp connection (server version 3)
INFO 2018-07-02 20:50:54 _log [chan 2] sftp session closed.
INFO 2018-07-03 00:02:25 _log Connected (version 2.0, client OpenSSH_5.3)
INFO 2018-07-03 00:02:25 _log Authentication (publickey) successful!
INFO 2018-07-03 00:02:25 _log Connected (version 2.0, client OpenSSH_5.3)
INFO 2018-07-03 00:02:26 _log Authentication (publickey) failed.
INFO 2018-07-03 00:02:26 _log Authentication (publickey) failed.
INFO 2018-07-03 00:02:26 _log Authentication (password) successful!
INFO 2018-07-03 00:02:27 _log [chan 2] Opened sftp connection (server version 3)
INFO 2018-07-03 00:02:28 _log [chan 2] sftp session closed.
INFO 2018-07-03 00:02:30 _log [chan 2] Opened sftp connection (server version 3)
INFO 2018-07-03 00:02:36 _log [chan 2] sftp session closed.
INFO 2018-07-03 02:27:08 _log Connected (version 2.0, client OpenSSH_5.3)
INFO 2018-07-03 02:27:08 _log Authentication (publickey) successful!
INFO 2018-07-03 02:27:10 _log [chan 2] Opened sftp connection (server version 3)
INFO 2018-07-03 02:27:13 _log [chan 2] sftp session closed.
